<?xml version="1.0" encoding="UTF-8"?>
<!-- Generated by org.testng.reporters.JUnitReportReporter -->
<testsuite hostname="Aarya" failures="0" tests="1" name="variousConcepts.LearnWindowHandle" time="6.867" errors="0" timestamp="16 Feb 2021 03:02:56 GMT" skipped="0">
  <testcase classname="variousConcepts.LearnWindowHandle" name="invalidUsersShouldBeAbleToLogIn" time="6.867"/>
</testsuite> <!-- variousConcepts.LearnWindowHandle -->
