<?xml version="1.0" encoding="UTF-8"?>
<!-- Generated by org.testng.reporters.JUnitReportReporter -->
<testsuite hostname="Aarya" failures="0" tests="1" name="variousConcepts.DropDown" time="27.642" errors="0" timestamp="16 Feb 2021 06:28:57 GMT" skipped="0">
  <testcase classname="variousConcepts.DropDown" name="invalidUsersShouldBeAbleToLogIn" time="27.642"/>
</testsuite> <!-- variousConcepts.DropDown -->
