<?xml version="1.0" encoding="UTF-8"?>
<!-- Generated by org.testng.reporters.JUnitReportReporter -->
<testsuite hostname="Aarya" failures="0" tests="1" name="variousConcepts.WindowsHandles" time="6.212" errors="0" timestamp="17 Feb 2021 03:59:34 GMT" skipped="0">
  <testcase classname="variousConcepts.WindowsHandles" name="loginTest" time="6.212"/>
</testsuite> <!-- variousConcepts.WindowsHandles -->
