<?xml version="1.0" encoding="UTF-8"?>
<!-- Generated by org.testng.reporters.JUnitReportReporter -->
<testsuite hostname="Aarya" failures="0" tests="1" name="variousConcepts.By_locator" time="8.283" errors="0" timestamp="16 Feb 2021 01:12:08 GMT" skipped="0">
  <testcase classname="variousConcepts.By_locator" name="invalidUsersShouldBeAbleToLogIn" time="8.283"/>
</testsuite> <!-- variousConcepts.By_locator -->
