<?xml version="1.0" encoding="UTF-8"?>
<!-- Generated by org.testng.reporters.JUnitReportReporter -->
<testsuite skipped="0" hostname="Aarya" name="variousConcepts.WebTable" tests="1" failures="0" timestamp="07 Apr 2021 19:38:27 GMT" time="177.851" errors="0">
  <testcase name="webTable" time="177.851" classname="variousConcepts.WebTable"/>
</testsuite> <!-- variousConcepts.WebTable -->
